-------------------------------------------------------------------------------
Test set: com.domain.main.MicroserviceStudentApplicationTests
-------------------------------------------------------------------------------
Tests run: 1, Failures: 0, Errors: 1, Skipped: 0, Time elapsed: 0.002 s <<< FAILURE! - in com.domain.main.MicroserviceStudentApplicationTests
initializationError(com.domain.main.MicroserviceStudentApplicationTests)  Time elapsed: 0.002 s  <<< ERROR!
java.lang.Exception: No runnable methods

